[Tue Oct 22 15:12:15 2024] [INFO] Socket created
[Tue Oct 22 15:12:15 2024] [INFO] Bind done
[Tue Oct 22 15:12:15 2024] [INFO] Waiting for incoming connections...
[Tue Oct 22 15:12:26 2024] [INFO] Connection accepted
[Tue Oct 22 15:12:26 2024] [DEBUG] Starting to handle client request
[Tue Oct 22 15:12:26 2024] [DEBUG] Received request
[Tue Oct 22 15:12:26 2024] [DEBUG] Entering authenticate function
[Tue Oct 22 15:12:26 2024] [ERROR] Authorization header not found
[Tue Oct 22 15:12:31 2024] [INFO] Connection accepted
[Tue Oct 22 15:12:31 2024] [DEBUG] Starting to handle client request
[Tue Oct 22 15:12:31 2024] [DEBUG] Received request
[Tue Oct 22 15:12:31 2024] [DEBUG] Entering authenticate function
[Tue Oct 22 15:12:31 2024] [INFO] Connection accepted
[Tue Oct 22 15:12:31 2024] [DEBUG] Starting to handle client request
[Tue Oct 22 15:12:31 2024] [DEBUG] Received request
[Tue Oct 22 15:12:31 2024] [INFO] Connection accepted
[Tue Oct 22 15:12:31 2024] [DEBUG] Starting to handle client request
[Tue Oct 22 15:12:31 2024] [DEBUG] Received request
[Tue Oct 22 15:12:31 2024] [ERROR] File not found
[Tue Oct 22 15:12:31 2024] [INFO] Connection accepted
[Tue Oct 22 15:12:31 2024] [INFO] Connection accepted
[Tue Oct 22 15:12:31 2024] [DEBUG] Starting to handle client request
[Tue Oct 22 15:12:31 2024] [DEBUG] Received request
[Tue Oct 22 15:12:31 2024] [DEBUG] Starting to handle client request
[Tue Oct 22 15:12:31 2024] [DEBUG] Received request
[Tue Oct 22 15:12:31 2024] [INFO] Connection accepted
[Tue Oct 22 15:12:31 2024] [DEBUG] Starting to handle client request
[Tue Oct 22 15:12:31 2024] [DEBUG] Received request
[Tue Oct 22 15:12:31 2024] [INFO] Connection accepted
[Tue Oct 22 15:12:31 2024] [DEBUG] Starting to handle client request
[Tue Oct 22 15:12:31 2024] [DEBUG] Received request
[Tue Oct 22 15:12:31 2024] [ERROR] File not found
[Tue Oct 22 15:13:00 2024] [INFO] Connection accepted
[Tue Oct 22 15:13:00 2024] [DEBUG] Starting to handle client request
[Tue Oct 22 15:13:00 2024] [DEBUG] Received request
[Tue Oct 22 15:13:34 2024] [INFO] Socket created
[Tue Oct 22 15:13:34 2024] [INFO] Bind done
[Tue Oct 22 15:13:34 2024] [INFO] Waiting for incoming connections...
[Tue Oct 22 15:13:38 2024] [INFO] Connection accepted
[Tue Oct 22 15:13:38 2024] [DEBUG] Starting to handle client request
[Tue Oct 22 15:13:38 2024] [DEBUG] Received request
[Tue Oct 22 15:13:38 2024] [ERROR] File not found
[Tue Oct 22 15:13:44 2024] [INFO] Connection accepted
[Tue Oct 22 15:13:44 2024] [DEBUG] Starting to handle client request
[Tue Oct 22 15:13:44 2024] [DEBUG] Received request
[Tue Oct 22 15:13:44 2024] [INFO] Connection accepted
[Tue Oct 22 15:13:44 2024] [DEBUG] Starting to handle client request
[Tue Oct 22 15:13:44 2024] [DEBUG] Received request
[Tue Oct 22 15:13:44 2024] [INFO] Connection accepted
[Tue Oct 22 15:13:44 2024] [INFO] Connection accepted
[Tue Oct 22 15:13:44 2024] [DEBUG] Starting to handle client request
[Tue Oct 22 15:13:44 2024] [DEBUG] Received request
[Tue Oct 22 15:13:44 2024] [INFO] Connection accepted
[Tue Oct 22 15:13:44 2024] [DEBUG] Starting to handle client request
[Tue Oct 22 15:13:44 2024] [DEBUG] Received request
[Tue Oct 22 15:13:44 2024] [DEBUG] Starting to handle client request
[Tue Oct 22 15:13:44 2024] [DEBUG] Received request
[Tue Oct 22 15:13:44 2024] [ERROR] File not found
[Tue Oct 22 15:13:44 2024] [INFO] Connection accepted
[Tue Oct 22 15:13:44 2024] [DEBUG] Starting to handle client request
[Tue Oct 22 15:13:44 2024] [DEBUG] Received request
[Tue Oct 22 15:13:44 2024] [INFO] Connection accepted
[Tue Oct 22 15:13:44 2024] [DEBUG] Starting to handle client request
[Tue Oct 22 15:13:44 2024] [DEBUG] Received request
[Tue Oct 22 15:13:44 2024] [ERROR] File not found
[Tue Oct 22 15:14:01 2024] [INFO] Connection accepted
[Tue Oct 22 15:14:01 2024] [DEBUG] Starting to handle client request
[Tue Oct 22 15:14:01 2024] [DEBUG] Received request
[Tue Oct 22 15:14:03 2024] [INFO] Connection accepted
[Tue Oct 22 15:14:03 2024] [DEBUG] Starting to handle client request
[Tue Oct 22 15:14:03 2024] [DEBUG] Received request
[Tue Oct 22 15:14:03 2024] [INFO] Connection accepted
[Tue Oct 22 15:14:03 2024] [DEBUG] Starting to handle client request
[Tue Oct 22 15:14:03 2024] [DEBUG] Received request
[Tue Oct 22 15:14:04 2024] [INFO] Connection accepted
[Tue Oct 22 15:14:04 2024] [DEBUG] Starting to handle client request
[Tue Oct 22 15:14:04 2024] [DEBUG] Received request
[Tue Oct 22 15:14:05 2024] [INFO] Connection accepted
[Tue Oct 22 15:14:05 2024] [DEBUG] Starting to handle client request
[Tue Oct 22 15:14:05 2024] [DEBUG] Received request
[Tue Oct 22 15:14:05 2024] [INFO] Connection accepted
[Tue Oct 22 15:14:05 2024] [DEBUG] Starting to handle client request
[Tue Oct 22 15:14:05 2024] [DEBUG] Received request
[Tue Oct 22 15:14:10 2024] [ERROR] epoll_wait
